<?xml version="1.0" encoding="UTF-8"?>
<!-- Generated by org.testng.reporters.JUnitReportReporter -->
<testsuite hostname="SkylancerT2" failures="0" tests="1" name="MainTest" time="1.866" errors="0" timestamp="2021-10-07T02:58:12 GET" skipped="0">
  <testcase classname="MainTest" name="Test1" time="1.866"/>
  <system-out/>
</testsuite> <!-- MainTest -->
